Arguments: 
  /Users/zagoruyko.digital/.nvm/versions/node/v11.3.0/bin/node /usr/local/Cellar/yarn/1.12.3/libexec/bin/yarn.js init

PATH: 
  /usr/local/bin:/usr/bin:/bin:/usr/sbin:/sbin:/Users/zagoruyko.digital/.nvm/versions/node/v11.3.0/bin

Yarn version: 
  1.12.3

Node version: 
  11.3.0

Platform: 
  darwin x64

Trace: 
  Error: canceled
      at Interface.<anonymous> (/usr/local/Cellar/yarn/1.12.3/libexec/lib/cli.js:125278:13)
      at Interface.emit (events.js:182:13)
      at Interface._ttyWrite (readline.js:818:16)
      at ReadStream.onkeypress (readline.js:178:10)
      at ReadStream.emit (events.js:182:13)
      at emitKeys (internal/readline.js:424:14)
      at emitKeys.next (<anonymous>)
      at ReadStream.onData (readline.js:1055:36)
      at ReadStream.emit (events.js:182:13)
      at addChunk (_stream_readable.js:287:12)

npm manifest: 
  {
    "name": "saray-frontend",
    "version": "1.0.0",
    "description": "",
    "main": "index.js",
    "scripts": {
      "start:dev": "webpack-dev-server --mode development --config config/webpack.base.config.js --open --hot --history-api-fallback",
      "prestart:prod": "webpack --mode production --config config/webpack.prod.config.js --env.NODE_ENV=production --progress",
      "start:prod": "node server"
    },
    "keywords": [],
    "author": "",
    "license": "ISC",
    "devDependencies": {
      "@babel/core": "^7.1.6",
      "@babel/plugin-proposal-class-properties": "^7.0.0",
      "@babel/plugin-proposal-decorators": "^7.0.0",
      "@babel/plugin-proposal-export-namespace-from": "^7.0.0",
      "@babel/plugin-proposal-function-sent": "^7.0.0",
      "@babel/plugin-proposal-json-strings": "^7.0.0",
      "@babel/plugin-proposal-numeric-separator": "^7.0.0",
      "@babel/plugin-proposal-throw-expressions": "^7.0.0",
      "@babel/plugin-syntax-dynamic-import": "^7.0.0",
      "@babel/plugin-syntax-import-meta": "^7.0.0",
      "@babel/preset-env": "^7.1.6",
      "@babel/preset-react": "^7.0.0",
      "babel-loader": "^8.0.4",
      "css-loader": "^1.0.1",
      "extract-text-webpack-plugin": "^4.0.0-beta.0",
      "html-webpack-plugin": "^3.2.0",
      "optimize-css-assets-webpack-plugin": "^5.0.1",
      "style-loader": "^0.23.1",
      "uglifyjs-webpack-plugin": "^2.0.1",
      "webpack": "^4.25.1",
      "webpack-cli": "^3.1.2",
      "webpack-dev-server": "^3.1.10",
      "webpack-merge": "^4.1.4"
    },
    "dependencies": {
      "express": "^4.16.4",
      "js-cookie": "^2.2.0",
      "react": "^16.6.3",
      "react-dom": "^16.6.3",
      "react-icons": "^3.2.2",
      "react-loader-spinner": "^2.2.0",
      "react-router-dom": "^4.3.1",
      "react-router-transition": "^1.2.1",
      "react-skeleton-loader": "^1.0.3",
      "styled-components": "^4.1.1"
    }
  }

yarn manifest: 
  No manifest

Lockfile: 
  No lockfile
